<?xml version="1.0" encoding="UTF-8"?>
<!-- Generated by org.testng.reporters.JUnitXMLReporter -->
<testsuite ignored="0" hostname="LAPTOP-2662QFMI" failures="1" tests="3" name="Error Validation Test" time="25.062" errors="0" timestamp="11 Feb. 2025 17:09:42 GMT">
  <testcase classname="Automation.ErrorValidationTest" name="loginErrorValidation" time="0.934">
    <skipped/>
  </testcase> <!-- loginErrorValidation -->
  <testcase classname="Automation.ErrorValidationTest" name="loginErrorValidation" time="0.844">
    <failure type="java.lang.AssertionError" message="expected [Incorrect email or password.] but found [Incorrect email or password..]">
      <![CDATA[java.lang.AssertionError: expected [Incorrect email or password.] but found [Incorrect email or password..]
at Automation.ErrorValidationTest.loginErrorValidation(ErrorValidationTest.java:29)
at java.base/java.util.concurrent.FutureTask.run(FutureTask.java:264)
at java.base/java.util.concurrent.ThreadPoolExecutor.runWorker(ThreadPoolExecutor.java:1128)
at java.base/java.util.concurrent.ThreadPoolExecutor$Worker.run(ThreadPoolExecutor.java:628)
at java.base/java.lang.Thread.run(Thread.java:830)
... Removed 22 stack frames]]>
    </failure>
  </testcase> <!-- loginErrorValidation -->
  <testcase classname="Automation.ErrorValidationTest" name="productErrorValidation" time="4.611"/>
</testsuite> <!-- Error Validation Test -->
