<?xml version="1.0" encoding="UTF-8"?>
<!-- Generated by org.testng.reporters.JUnitXMLReporter -->
<testsuite ignored="0" hostname="LAPTOP-2662QFMI" failures="0" tests="3" name="Submit Order Test" time="56.84" errors="0" timestamp="11 Feb. 2025 17:10:14 GMT">
  <testcase classname="Automation.SubmitOrderTest" name="submitOrder" time="17.03"/>
  <testcase classname="Automation.SubmitOrderTest" name="submitOrder" time="16.964"/>
  <testcase classname="Automation.SubmitOrderTest" name="orderHistoryPage" time="1.721"/>
</testsuite> <!-- Submit Order Test -->
