<?xml version="1.0" encoding="UTF-8"?>
<!-- Generated by org.testng.reporters.JUnitXMLReporter -->
<testsuite ignored="0" hostname="LAPTOP-2662QFMI" failures="0" tests="2" name="Error Validation Test" time="20.818" errors="0" timestamp="13 Feb 2025 15:05:38 GMT">
  <testcase classname="Automation.ErrorValidationTest" name="loginErrorValidation" time="4.15"/>
  <testcase classname="Automation.ErrorValidationTest" name="productErrorValidation" time="4.355"/>
</testsuite> <!-- Error Validation Test -->
