<?xml version="1.0" encoding="UTF-8"?>
<!-- Generated by org.testng.reporters.JUnitXMLReporter -->
<testsuite ignored="0" hostname="LAPTOP-2662QFMI" failures="0" tests="4" name="Submit Order Test" time="72.194" errors="0" timestamp="13 Feb 2025 15:06:30 GMT">
  <testcase classname="Automation.SubmitOrderTest" name="submitOrder" time="29.106">
    <skipped/>
  </testcase> <!-- submitOrder -->
  <testcase classname="Automation.SubmitOrderTest" name="submitOrder" time="17.44"/>
  <testcase classname="Automation.SubmitOrderTest" name="submitOrder" time="4.945"/>
  <testcase classname="Automation.SubmitOrderTest" name="orderHistoryPage" time="0.0">
    <skipped/>
  </testcase> <!-- orderHistoryPage -->
</testsuite> <!-- Submit Order Test -->
