<?xml version="1.0" encoding="UTF-8"?>
<testsuite xmlns:xsi="http://www.w3.org/2001/XMLSchema-instance" xsi:noNamespaceSchemaLocation="https://maven.apache.org/surefire/maven-surefire-plugin/xsd/surefire-test-report-3.0.xsd" version="3.0" name="TestSuite" time="76.788" tests="6" errors="0" skipped="2" failures="0">
  <properties>
[...]
</properties>
  <testcase name="loginErrorValidation" classname="Automation.ErrorValidationTest" time="4.151"/>
  <testcase name="productErrorValidation" classname="Automation.ErrorValidationTest" time="4.353"/>
  <testcase name="submitOrder" classname="Automation.SubmitOrderTest" time="0">
    <skipped/>
    <system-out><![CDATA[*******************Item added to cart
goToCartHeader :: add to cart button :  Cart 1
ZARA COAT 3 found is false
]]></system-out>
  </testcase>
  <testcase name="submitOrder" classname="Automation.SubmitOrderTest" time="17.438"/>
  <testcase name="submitOrder" classname="Automation.SubmitOrderTest" time="4.946"/>
  <testcase name="orderHistoryPage" classname="Automation.SubmitOrderTest" time="0">
    <skipped message="Method SubmitOrderTest.orderHistoryPage()[pri:0, instance:Automation.SubmitOrderTest@3b96c42e] depends on not successfully finished methods"/>
  </testcase>
</testsuite>